# JRE version: OpenJDK Runtime Environment AdoptOpenJDK (11.0.10+9) (build 11.0.10+9)
# Java VM: OpenJDK 64-Bit Server VM AdoptOpenJDK (11.0.10+9, mixed mode, tiered, compressed oops, g1 gc, windows-amd64)
Heap:
 garbage-first heap   total 260096K, used 120188K [0x0000000702c00000, 0x0000000800000000)
  region size 1024K, 22 young (22528K), 1 survivors (1024K)
 Metaspace       used 17148K, capacity 17558K, committed 17792K, reserved 1064960K
  class space    used 1674K, capacity 1861K, committed 1920K, reserved 1048576K
GC Heap History (12 events):
Event: 2.839 GC heap before
{Heap before GC invocations=0 (full 0):
 garbage-first heap   total 260096K, used 60416K [0x0000000702c00000, 0x0000000800000000)
  region size 1024K, 24 young (24576K), 0 survivors (0K)
 Metaspace       used 16567K, capacity 16979K, committed 17280K, reserved 1064960K
  class space    used 1669K, capacity 1861K, committed 1920K, reserved 1048576K
}
Event: 2.842 GC heap after
{Heap after GC invocations=1 (full 0):
 garbage-first heap   total 260096K, used 24332K [0x0000000702c00000, 0x0000000800000000)
  region size 1024K, 3 young (3072K), 3 survivors (3072K)
 Metaspace       used 16567K, capacity 16979K, committed 17280K, reserved 1064960K
  class space    used 1669K, capacity 1861K, committed 1920K, reserved 1048576K
}
Event: 7.540 GC heap before
{Heap before GC invocations=1 (full 0):
 garbage-first heap   total 260096K, used 152332K [0x0000000702c00000, 0x0000000800000000)
  region size 1024K, 37 young (37888K), 3 survivors (3072K)
 Metaspace       used 17009K, capacity 17428K, committed 17536K, reserved 1064960K
  class space    used 1673K, capacity 1861K, committed 1920K, reserved 1048576K
}
Event: 7.543 GC heap after
{Heap after GC invocations=2 (full 0):
 garbage-first heap   total 260096K, used 59148K [0x0000000702c00000, 0x0000000800000000)
  region size 1024K, 3 young (3072K), 3 survivors (3072K)
 Metaspace       used 17009K, capacity 17428K, committed 17536K, reserved 1064960K
  class space    used 1673K, capacity 1861K, committed 1920K, reserved 1048576K
}
Event: 10.548 GC heap before
{Heap before GC invocations=3 (full 0):
 garbage-first heap   total 260096K, used 140044K [0x0000000702c00000, 0x0000000800000000)
  region size 1024K, 25 young (25600K), 3 survivors (3072K)
 Metaspace       used 17014K, capacity 17428K, committed 17536K, reserved 1064960K
  class space    used 1673K, capacity 1861K, committed 1920K, reserved 1048576K
}
Event: 10.551 GC heap after
{Heap after GC invocations=4 (full 0):
 garbage-first heap   total 260096K, used 41637K [0x0000000702c00000, 0x0000000800000000)
  region size 1024K, 1 young (1024K), 1 survivors (1024K)
 Metaspace       used 17014K, capacity 17428K, committed 17536K, reserved 1064960K
  class space    used 1673K, capacity 1861K, committed 1920K, reserved 1048576K
}
Event: 14.154 GC heap before
{Heap before GC invocations=5 (full 0):
 garbage-first heap   total 260096K, used 139941K [0x0000000702c00000, 0x0000000800000000)
  region size 1024K, 26 young (26624K), 1 survivors (1024K)
 Metaspace       used 17042K, capacity 17492K, committed 17792K, reserved 1064960K
  class space    used 1673K, capacity 1861K, committed 1920K, reserved 1048576K
}
Event: 14.154 GC heap after
{Heap after GC invocations=6 (full 0):
 garbage-first heap   total 260096K, used 48555K [0x0000000702c00000, 0x0000000800000000)
  region size 1024K, 1 young (1024K), 1 survivors (1024K)
 Metaspace       used 17042K, capacity 17492K, committed 17792K, reserved 1064960K
  class space    used 1673K, capacity 1861K, committed 1920K, reserved 1048576K
}
Event: 17.462 GC heap before
{Heap before GC invocations=7 (full 0):
 garbage-first heap   total 260096K, used 138667K [0x0000000702c00000, 0x0000000800000000)
  region size 1024K, 25 young (25600K), 1 survivors (1024K)
 Metaspace       used 17091K, capacity 17494K, committed 17792K, reserved 1064960K
  class space    used 1673K, capacity 1861K, committed 1920K, reserved 1048576K
}
Event: 17.462 GC heap after
{Heap after GC invocations=8 (full 0):
 garbage-first heap   total 260096K, used 45444K [0x0000000702c00000, 0x0000000800000000)
  region size 1024K, 1 young (1024K), 1 survivors (1024K)
 Metaspace       used 17091K, capacity 17494K, committed 17792K, reserved 1064960K
  class space    used 1673K, capacity 1861K, committed 1920K, reserved 1048576K
}
Event: 20.965 GC heap before
{Heap before GC invocations=9 (full 0):
 garbage-first heap   total 260096K, used 138628K [0x0000000702c00000, 0x0000000800000000)
  region size 1024K, 25 young (25600K), 1 survivors (1024K)
 Metaspace       used 17133K, capacity 17558K, committed 17792K, reserved 1064960K
  class space    used 1673K, capacity 1861K, committed 1920K, reserved 1048576K
}
Event: 20.966 GC heap after
{Heap after GC invocations=10 (full 0):
 garbage-first heap   total 260096K, used 46460K [0x0000000702c00000, 0x0000000800000000)
  region size 1024K, 1 young (1024K), 1 survivors (1024K)
 Metaspace       used 17133K, capacity 17558K, committed 17792K, reserved 1064960K
  class space    used 1673K, capacity 1861K, committed 1920K, reserved 1048576K
}

